<?xml version="1.0" encoding="UTF-8"?>
<!-- Generated by org.testng.reporters.JUnitXMLReporter -->
<testsuite hostname="MAVBCP547" ignored="2" name="TestNG Assignment - Test 2" tests="2" failures="0" timestamp="2020-07-01T08:36:51 AST" time="0.006" errors="0">
  <testcase name="testDivide" time="0.001" classname="com.assignments.assignment1"/>
  <testcase name="testAdd" time="0.002" classname="com.assignments.assignment1"/>
  <testcase name="testMultiply" time="0.0" classname="com.assignments.assignment1">
    <ignored/>
  </testcase> <!-- testMultiply -->
  <testcase name="testExponent" time="0.0" classname="com.assignments.assignment1">
    <ignored/>
  </testcase> <!-- testExponent -->
</testsuite> <!-- TestNG Assignment - Test 2 -->
