<?xml version="1.0" encoding="UTF-8"?>
<!-- Generated by org.testng.reporters.JUnitXMLReporter -->
<testsuite hostname="MAVBCP547" ignored="6" name="TestNG Assignment - Test 1" tests="5" failures="0" timestamp="2020-07-03T10:40:25 AST" time="0.104" errors="0">
  <testcase name="testExponent" time="0.021" classname="com.assignments.assignment1"/>
  <testcase name="testMultiply" time="0.021" classname="com.assignments.assignment1"/>
  <testcase name="testExponent" time="0.004" classname="com.assignments.assignment1"/>
  <testcase name="testNegated" time="0.004" classname="com.assignments.assignment1"/>
  <testcase name="testExponent" time="0.005" classname="com.assignments.assignment1"/>
  <testcase name="testMod" time="0.0" classname="com.assignments.assignment1">
    <ignored/>
  </testcase> <!-- testMod -->
  <testcase name="testRealDivide" time="0.0" classname="com.assignments.assignment1">
    <ignored/>
  </testcase> <!-- testRealDivide -->
  <testcase name="testAdd" time="0.0" classname="com.assignments.assignment1">
    <ignored/>
  </testcase> <!-- testAdd -->
  <testcase name="testSub" time="0.0" classname="com.assignments.assignment1">
    <ignored/>
  </testcase> <!-- testSub -->
  <testcase name="testInverse" time="0.0" classname="com.assignments.assignment1">
    <ignored/>
  </testcase> <!-- testInverse -->
  <testcase name="testDivide" time="0.0" classname="com.assignments.assignment1">
    <ignored/>
  </testcase> <!-- testDivide -->
</testsuite> <!-- TestNG Assignment - Test 1 -->
