<?xml version="1.0" encoding="UTF-8"?>
<!-- Generated by org.testng.reporters.JUnitXMLReporter -->
<testsuite hostname="MAVBCP547" ignored="2" name="TestNG Assignment - Test 1" tests="4" failures="0" timestamp="2020-07-01T08:36:51 AST" time="0.089" errors="0">
  <testcase name="testExponent" time="0.017" classname="com.assignments.assignment1"/>
  <testcase name="testMultiply" time="0.017" classname="com.assignments.assignment1"/>
  <testcase name="testExponent" time="0.003" classname="com.assignments.assignment1"/>
  <testcase name="testExponent" time="0.002" classname="com.assignments.assignment1"/>
  <testcase name="testAdd" time="0.0" classname="com.assignments.assignment1">
    <ignored/>
  </testcase> <!-- testAdd -->
  <testcase name="testDivide" time="0.0" classname="com.assignments.assignment1">
    <ignored/>
  </testcase> <!-- testDivide -->
</testsuite> <!-- TestNG Assignment - Test 1 -->
