<?xml version="1.0" encoding="UTF-8"?>
<!-- Generated by org.testng.reporters.JUnitXMLReporter -->
<testsuite hostname="MAVBCP547" ignored="3" name="TestNG Assignment - Test 2" tests="12" failures="0" timestamp="2020-07-03T10:40:25 AST" time="0.028" errors="0">
  <testcase name="testAdd" time="0.002" classname="com.assignments.assignment1"/>
  <testcase name="testDivide" time="0.003" classname="com.assignments.assignment1"/>
  <testcase name="testInverse" time="0.001" classname="com.assignments.assignment1"/>
  <testcase name="testMod" time="0.003" classname="com.assignments.assignment1"/>
  <testcase name="testRealDivide" time="0.001" classname="com.assignments.assignment1"/>
  <testcase name="testMod" time="0.002" classname="com.assignments.assignment1"/>
  <testcase name="testRealDivide" time="0.002" classname="com.assignments.assignment1"/>
  <testcase name="testMod" time="0.001" classname="com.assignments.assignment1"/>
  <testcase name="testRealDivide" time="0.003" classname="com.assignments.assignment1"/>
  <testcase name="testSub" time="0.003" classname="com.assignments.assignment1"/>
  <testcase name="testSub" time="0.0" classname="com.assignments.assignment1"/>
  <testcase name="testSub" time="0.002" classname="com.assignments.assignment1"/>
  <testcase name="testMultiply" time="0.0" classname="com.assignments.assignment1">
    <ignored/>
  </testcase> <!-- testMultiply -->
  <testcase name="testExponent" time="0.0" classname="com.assignments.assignment1">
    <ignored/>
  </testcase> <!-- testExponent -->
  <testcase name="testNegated" time="0.0" classname="com.assignments.assignment1">
    <ignored/>
  </testcase> <!-- testNegated -->
</testsuite> <!-- TestNG Assignment - Test 2 -->
