<?xml version="1.0" encoding="UTF-8"?>
<testng-results skipped="0" failed="0" ignored="9" total="26" passed="17">
  <reporter-output>
    <line>
      <![CDATA[TestNG Assignment -> testMultiply assertion passed for inputs 32, 4]]>
    </line>
    <line>
      <![CDATA[TestNG Assignment -> testExponent assertion passed for inputs 1, 2]]>
    </line>
    <line>
      <![CDATA[TestNG Assignment -> testExponent assertion passed for inputs 2, 1]]>
    </line>
    <line>
      <![CDATA[TestNG Assignment -> testNegated assertion passed for inputs 32]]>
    </line>
    <line>
      <![CDATA[TestNG Assignment -> testExponent assertion passed for inputs 1, 1]]>
    </line>
    <line>
      <![CDATA[TestNG Assignment -> testAdd assertion passed for inputs 16, 2]]>
    </line>
    <line>
      <![CDATA[TestNG Assignment -> testDivide assertion passed for inputs 16, 2]]>
    </line>
    <line>
      <![CDATA[TestNG Assignment -> testInverse assertion passed for inputs 16]]>
    </line>
    <line>
      <![CDATA[TestNG Assignment -> testMod assertion passed for inputs 1]]>
    </line>
    <line>
      <![CDATA[TestNG Assignment -> testRealDivide assertion passed for inputs 1, 2]]>
    </line>
    <line>
      <![CDATA[TestNG Assignment -> testMod assertion passed for inputs 2]]>
    </line>
    <line>
      <![CDATA[TestNG Assignment -> testRealDivide assertion passed for inputs 2, 1]]>
    </line>
    <line>
      <![CDATA[TestNG Assignment -> testMod assertion passed for inputs 1]]>
    </line>
    <line>
      <![CDATA[TestNG Assignment -> testRealDivide assertion passed for inputs 1, 1]]>
    </line>
    <line>
      <![CDATA[TestNG Assignment -> testSub assertion passed for inputs 1, 2]]>
    </line>
    <line>
      <![CDATA[TestNG Assignment -> testSub assertion passed for inputs 2, 1]]>
    </line>
    <line>
      <![CDATA[TestNG Assignment -> testSub assertion passed for inputs 1, 1]]>
    </line>
  </reporter-output>
  <suite name="Assignment" duration-ms="215" started-at="2020-07-03T10:40:24 AST" finished-at="2020-07-03T10:40:25 AST">
    <groups>
      <group name="div">
        <method signature="assignment1.testDivide(int, int)[pri:0, instance:com.assignments.assignment1@30b8a058]" name="testDivide" class="com.assignments.assignment1"/>
        <method signature="assignment1.testInverse(int)[pri:0, instance:com.assignments.assignment1@30b8a058]" name="testInverse" class="com.assignments.assignment1"/>
        <method signature="assignment1.testMod(int, int)[pri:0, instance:com.assignments.assignment1@30b8a058]" name="testMod" class="com.assignments.assignment1"/>
        <method signature="assignment1.testRealDivide(int, int)[pri:0, instance:com.assignments.assignment1@30b8a058]" name="testRealDivide" class="com.assignments.assignment1"/>
      </group> <!-- div -->
      <group name="product">
        <method signature="assignment1.testMultiply(int, int)[pri:0, instance:com.assignments.assignment1@7fac631b]" name="testMultiply" class="com.assignments.assignment1"/>
        <method signature="assignment1.testNegated(int)[pri:0, instance:com.assignments.assignment1@7fac631b]" name="testNegated" class="com.assignments.assignment1"/>
      </group> <!-- product -->
      <group name="sum">
        <method signature="assignment1.testAdd(int, int)[pri:0, instance:com.assignments.assignment1@30b8a058]" name="testAdd" class="com.assignments.assignment1"/>
        <method signature="assignment1.testSub(int, int)[pri:0, instance:com.assignments.assignment1@30b8a058]" name="testSub" class="com.assignments.assignment1"/>
      </group> <!-- sum -->
      <group name="exp">
        <method signature="assignment1.testExponent(int, int)[pri:0, instance:com.assignments.assignment1@7fac631b]" name="testExponent" class="com.assignments.assignment1"/>
      </group> <!-- exp -->
    </groups>
    <test name="TestNG Assignment - Test 1" duration-ms="104" started-at="2020-07-03T10:40:24 AST" finished-at="2020-07-03T10:40:25 AST">
      <class name="com.assignments.assignment1">
        <test-method status="PASS" signature="testMultiply(int, int)[pri:0, instance:com.assignments.assignment1@7fac631b]" name="testMultiply" duration-ms="21" started-at="2020-07-03T10:40:25 AST" finished-at="2020-07-03T10:40:25 AST">
          <params>
            <param index="0">
              <value>
                <![CDATA[32]]>
              </value>
            </param>
            <param index="1">
              <value>
                <![CDATA[4]]>
              </value>
            </param>
          </params>
          <reporter-output>
            <line>
              <![CDATA[TestNG Assignment -> testMultiply assertion passed for inputs 32, 4]]>
            </line>
          </reporter-output>
        </test-method> <!-- testMultiply -->
        <test-method status="PASS" signature="testExponent(int, int)[pri:0, instance:com.assignments.assignment1@7fac631b]" name="testExponent" duration-ms="21" started-at="2020-07-03T10:40:25 AST" data-provider="numbers" finished-at="2020-07-03T10:40:25 AST">
          <params>
            <param index="0">
              <value>
                <![CDATA[1]]>
              </value>
            </param>
            <param index="1">
              <value>
                <![CDATA[2]]>
              </value>
            </param>
          </params>
          <reporter-output>
            <line>
              <![CDATA[TestNG Assignment -> testExponent assertion passed for inputs 1, 2]]>
            </line>
          </reporter-output>
        </test-method> <!-- testExponent -->
        <test-method status="PASS" signature="testExponent(int, int)[pri:0, instance:com.assignments.assignment1@7fac631b]" name="testExponent" duration-ms="4" started-at="2020-07-03T10:40:25 AST" data-provider="numbers" finished-at="2020-07-03T10:40:25 AST">
          <params>
            <param index="0">
              <value>
                <![CDATA[2]]>
              </value>
            </param>
            <param index="1">
              <value>
                <![CDATA[1]]>
              </value>
            </param>
          </params>
          <reporter-output>
            <line>
              <![CDATA[TestNG Assignment -> testExponent assertion passed for inputs 2, 1]]>
            </line>
          </reporter-output>
        </test-method> <!-- testExponent -->
        <test-method status="PASS" signature="testNegated(int)[pri:0, instance:com.assignments.assignment1@7fac631b]" name="testNegated" duration-ms="4" started-at="2020-07-03T10:40:25 AST" finished-at="2020-07-03T10:40:25 AST">
          <params>
            <param index="0">
              <value>
                <![CDATA[32]]>
              </value>
            </param>
          </params>
          <reporter-output>
            <line>
              <![CDATA[TestNG Assignment -> testNegated assertion passed for inputs 32]]>
            </line>
          </reporter-output>
        </test-method> <!-- testNegated -->
        <test-method status="PASS" signature="testExponent(int, int)[pri:0, instance:com.assignments.assignment1@7fac631b]" name="testExponent" duration-ms="5" started-at="2020-07-03T10:40:25 AST" data-provider="numbers" finished-at="2020-07-03T10:40:25 AST">
          <params>
            <param index="0">
              <value>
                <![CDATA[1]]>
              </value>
            </param>
            <param index="1">
              <value>
                <![CDATA[1]]>
              </value>
            </param>
          </params>
          <reporter-output>
            <line>
              <![CDATA[TestNG Assignment -> testExponent assertion passed for inputs 1, 1]]>
            </line>
          </reporter-output>
        </test-method> <!-- testExponent -->
      </class> <!-- com.assignments.assignment1 -->
    </test> <!-- TestNG Assignment - Test 1 -->
    <test name="TestNG Assignment - Test 2" duration-ms="28" started-at="2020-07-03T10:40:25 AST" finished-at="2020-07-03T10:40:25 AST">
      <class name="com.assignments.assignment1">
        <test-method status="PASS" signature="testDivide(int, int)[pri:0, instance:com.assignments.assignment1@30b8a058]" name="testDivide" duration-ms="3" started-at="2020-07-03T10:40:25 AST" finished-at="2020-07-03T10:40:25 AST">
          <params>
            <param index="0">
              <value>
                <![CDATA[16]]>
              </value>
            </param>
            <param index="1">
              <value>
                <![CDATA[2]]>
              </value>
            </param>
          </params>
          <reporter-output>
            <line>
              <![CDATA[TestNG Assignment -> testDivide assertion passed for inputs 16, 2]]>
            </line>
          </reporter-output>
        </test-method> <!-- testDivide -->
        <test-method status="PASS" signature="testAdd(int, int)[pri:0, instance:com.assignments.assignment1@30b8a058]" name="testAdd" duration-ms="2" started-at="2020-07-03T10:40:25 AST" finished-at="2020-07-03T10:40:25 AST">
          <params>
            <param index="0">
              <value>
                <![CDATA[16]]>
              </value>
            </param>
            <param index="1">
              <value>
                <![CDATA[2]]>
              </value>
            </param>
          </params>
          <reporter-output>
            <line>
              <![CDATA[TestNG Assignment -> testAdd assertion passed for inputs 16, 2]]>
            </line>
          </reporter-output>
        </test-method> <!-- testAdd -->
        <test-method status="PASS" signature="testInverse(int)[pri:0, instance:com.assignments.assignment1@30b8a058]" name="testInverse" duration-ms="1" started-at="2020-07-03T10:40:25 AST" finished-at="2020-07-03T10:40:25 AST">
          <params>
            <param index="0">
              <value>
                <![CDATA[16]]>
              </value>
            </param>
          </params>
          <reporter-output>
            <line>
              <![CDATA[TestNG Assignment -> testInverse assertion passed for inputs 16]]>
            </line>
          </reporter-output>
        </test-method> <!-- testInverse -->
        <test-method status="PASS" signature="testMod(int, int)[pri:0, instance:com.assignments.assignment1@30b8a058]" name="testMod" duration-ms="3" started-at="2020-07-03T10:40:25 AST" data-provider="numbers" finished-at="2020-07-03T10:40:25 AST">
          <params>
            <param index="0">
              <value>
                <![CDATA[1]]>
              </value>
            </param>
            <param index="1">
              <value>
                <![CDATA[2]]>
              </value>
            </param>
          </params>
          <reporter-output>
            <line>
              <![CDATA[TestNG Assignment -> testMod assertion passed for inputs 1]]>
            </line>
          </reporter-output>
        </test-method> <!-- testMod -->
        <test-method status="PASS" signature="testMod(int, int)[pri:0, instance:com.assignments.assignment1@30b8a058]" name="testMod" duration-ms="2" started-at="2020-07-03T10:40:25 AST" data-provider="numbers" finished-at="2020-07-03T10:40:25 AST">
          <params>
            <param index="0">
              <value>
                <![CDATA[2]]>
              </value>
            </param>
            <param index="1">
              <value>
                <![CDATA[1]]>
              </value>
            </param>
          </params>
          <reporter-output>
            <line>
              <![CDATA[TestNG Assignment -> testMod assertion passed for inputs 2]]>
            </line>
          </reporter-output>
        </test-method> <!-- testMod -->
        <test-method status="PASS" signature="testRealDivide(int, int)[pri:0, instance:com.assignments.assignment1@30b8a058]" name="testRealDivide" duration-ms="1" started-at="2020-07-03T10:40:25 AST" data-provider="numbers" finished-at="2020-07-03T10:40:25 AST">
          <params>
            <param index="0">
              <value>
                <![CDATA[1]]>
              </value>
            </param>
            <param index="1">
              <value>
                <![CDATA[2]]>
              </value>
            </param>
          </params>
          <reporter-output>
            <line>
              <![CDATA[TestNG Assignment -> testRealDivide assertion passed for inputs 1, 2]]>
            </line>
          </reporter-output>
        </test-method> <!-- testRealDivide -->
        <test-method status="PASS" signature="testRealDivide(int, int)[pri:0, instance:com.assignments.assignment1@30b8a058]" name="testRealDivide" duration-ms="2" started-at="2020-07-03T10:40:25 AST" data-provider="numbers" finished-at="2020-07-03T10:40:25 AST">
          <params>
            <param index="0">
              <value>
                <![CDATA[2]]>
              </value>
            </param>
            <param index="1">
              <value>
                <![CDATA[1]]>
              </value>
            </param>
          </params>
          <reporter-output>
            <line>
              <![CDATA[TestNG Assignment -> testRealDivide assertion passed for inputs 2, 1]]>
            </line>
          </reporter-output>
        </test-method> <!-- testRealDivide -->
        <test-method status="PASS" signature="testMod(int, int)[pri:0, instance:com.assignments.assignment1@30b8a058]" name="testMod" duration-ms="1" started-at="2020-07-03T10:40:25 AST" data-provider="numbers" finished-at="2020-07-03T10:40:25 AST">
          <params>
            <param index="0">
              <value>
                <![CDATA[1]]>
              </value>
            </param>
            <param index="1">
              <value>
                <![CDATA[1]]>
              </value>
            </param>
          </params>
          <reporter-output>
            <line>
              <![CDATA[TestNG Assignment -> testMod assertion passed for inputs 1]]>
            </line>
          </reporter-output>
        </test-method> <!-- testMod -->
        <test-method status="PASS" signature="testRealDivide(int, int)[pri:0, instance:com.assignments.assignment1@30b8a058]" name="testRealDivide" duration-ms="3" started-at="2020-07-03T10:40:25 AST" data-provider="numbers" finished-at="2020-07-03T10:40:25 AST">
          <params>
            <param index="0">
              <value>
                <![CDATA[1]]>
              </value>
            </param>
            <param index="1">
              <value>
                <![CDATA[1]]>
              </value>
            </param>
          </params>
          <reporter-output>
            <line>
              <![CDATA[TestNG Assignment -> testRealDivide assertion passed for inputs 1, 1]]>
            </line>
          </reporter-output>
        </test-method> <!-- testRealDivide -->
        <test-method status="PASS" signature="testSub(int, int)[pri:0, instance:com.assignments.assignment1@30b8a058]" name="testSub" duration-ms="3" started-at="2020-07-03T10:40:25 AST" data-provider="numbers" finished-at="2020-07-03T10:40:25 AST">
          <params>
            <param index="0">
              <value>
                <![CDATA[1]]>
              </value>
            </param>
            <param index="1">
              <value>
                <![CDATA[2]]>
              </value>
            </param>
          </params>
          <reporter-output>
            <line>
              <![CDATA[TestNG Assignment -> testSub assertion passed for inputs 1, 2]]>
            </line>
          </reporter-output>
        </test-method> <!-- testSub -->
        <test-method status="PASS" signature="testSub(int, int)[pri:0, instance:com.assignments.assignment1@30b8a058]" name="testSub" duration-ms="0" started-at="2020-07-03T10:40:25 AST" data-provider="numbers" finished-at="2020-07-03T10:40:25 AST">
          <params>
            <param index="0">
              <value>
                <![CDATA[2]]>
              </value>
            </param>
            <param index="1">
              <value>
                <![CDATA[1]]>
              </value>
            </param>
          </params>
          <reporter-output>
            <line>
              <![CDATA[TestNG Assignment -> testSub assertion passed for inputs 2, 1]]>
            </line>
          </reporter-output>
        </test-method> <!-- testSub -->
        <test-method status="PASS" signature="testSub(int, int)[pri:0, instance:com.assignments.assignment1@30b8a058]" name="testSub" duration-ms="2" started-at="2020-07-03T10:40:25 AST" data-provider="numbers" finished-at="2020-07-03T10:40:25 AST">
          <params>
            <param index="0">
              <value>
                <![CDATA[1]]>
              </value>
            </param>
            <param index="1">
              <value>
                <![CDATA[1]]>
              </value>
            </param>
          </params>
          <reporter-output>
            <line>
              <![CDATA[TestNG Assignment -> testSub assertion passed for inputs 1, 1]]>
            </line>
          </reporter-output>
        </test-method> <!-- testSub -->
      </class> <!-- com.assignments.assignment1 -->
    </test> <!-- TestNG Assignment - Test 2 -->
  </suite> <!-- Assignment -->
</testng-results>
